# JRE version: OpenJDK Runtime Environment Temurin-21.0.9+10 (21.0.9+10) (build 21.0.9+10-LTS)
# Java VM: OpenJDK 64-Bit Server VM Temurin-21.0.9+10 (21.0.9+10-LTS, mixed mode, sharing, tiered, compressed oops, compressed class ptrs, parallel gc, windows-amd64)
GC Precious Log:
 CardTable entry size: 512
 CPUs: 8 total, 8 available
 Memory: 16259M
 Large Page Support: Disabled
 NUMA Support: Disabled
 Compressed Oops: Enabled (32-bit)
 Alignments: Space 512K, Generation 512K, Heap 2M
 Heap Min Capacity: 100M
 Heap Initial Capacity: 100M
 Heap Max Capacity: 2G
 Pre-touch: Disabled
 Parallel Workers: 8
Heap:
 PSYoungGen      total 4608K, used 3403K [0x00000000d5580000, 0x00000000d5c80000, 0x0000000100000000)
  eden space 4096K, 78% used [0x00000000d5580000,0x00000000d58a2dd8,0x00000000d5980000)
  from space 512K, 37% used [0x00000000d5c00000,0x00000000d5c30000,0x00000000d5c80000)
  to   space 512K, 0% used [0x00000000d5b80000,0x00000000d5b80000,0x00000000d5c00000)
 ParOldGen       total 1222144K, used 1221946K [0x0000000080000000, 0x00000000ca980000, 0x00000000d5580000)
  object space 1222144K, 99% used [0x0000000080000000,0x00000000ca94ebb8,0x00000000ca980000)
 Metaspace       used 104240K, committed 106048K, reserved 1179648K
  class space    used 10268K, committed 11136K, reserved 1048576K
GC Heap History (20 events):
Event: 20508.492 GC heap before
{Heap before GC invocations=20260 (full 16):
 PSYoungGen      total 4608K, used 4384K [0x00000000d5580000, 0x00000000d5c80000, 0x0000000100000000)
  eden space 4096K, 100% used [0x00000000d5580000,0x00000000d5980000,0x00000000d5980000)
  from space 512K, 56% used [0x00000000d5c00000,0x00000000d5c48020,0x00000000d5c80000)
  to   space 512K, 0% used [0x00000000d5b80000,0x00000000d5b80000,0x00000000d5c00000)
 ParOldGen       total 1222144K, used 1221826K [0x0000000080000000, 0x00000000ca980000, 0x00000000d5580000)
  object space 1222144K, 99% used [0x0000000080000000,0x00000000ca930b98,0x00000000ca980000)
 Metaspace       used 104235K, committed 106048K, reserved 1179648K
  class space    used 10268K, committed 11136K, reserved 1048576K
}
Event: 20508.494 GC heap after
{Heap after GC invocations=20260 (full 16):
 PSYoungGen      total 4608K, used 320K [0x00000000d5580000, 0x00000000d5c80000, 0x0000000100000000)
  eden space 4096K, 0% used [0x00000000d5580000,0x00000000d5580000,0x00000000d5980000)
  from space 512K, 62% used [0x00000000d5b80000,0x00000000d5bd0020,0x00000000d5c00000)
  to   space 512K, 0% used [0x00000000d5c00000,0x00000000d5c00000,0x00000000d5c80000)
 ParOldGen       total 1222144K, used 1221834K [0x0000000080000000, 0x00000000ca980000, 0x00000000d5580000)
  object space 1222144K, 99% used [0x0000000080000000,0x00000000ca932b98,0x00000000ca980000)
 Metaspace       used 104235K, committed 106048K, reserved 1179648K
  class space    used 10268K, committed 11136K, reserved 1048576K
}
Event: 20561.405 GC heap before
{Heap before GC invocations=20261 (full 16):
 PSYoungGen      total 4608K, used 4416K [0x00000000d5580000, 0x00000000d5c80000, 0x0000000100000000)
  eden space 4096K, 99% used [0x00000000d5580000,0x00000000d597fff0,0x00000000d5980000)
  from space 512K, 62% used [0x00000000d5b80000,0x00000000d5bd0020,0x00000000d5c00000)
  to   space 512K, 0% used [0x00000000d5c00000,0x00000000d5c00000,0x00000000d5c80000)
 ParOldGen       total 1222144K, used 1221834K [0x0000000080000000, 0x00000000ca980000, 0x00000000d5580000)
  object space 1222144K, 99% used [0x0000000080000000,0x00000000ca932b98,0x00000000ca980000)
 Metaspace       used 104235K, committed 106048K, reserved 1179648K
  class space    used 10268K, committed 11136K, reserved 1048576K
}
Event: 20561.408 GC heap after
{Heap after GC invocations=20261 (full 16):
 PSYoungGen      total 4608K, used 288K [0x00000000d5580000, 0x00000000d5c80000, 0x0000000100000000)
  eden space 4096K, 0% used [0x00000000d5580000,0x00000000d5580000,0x00000000d5980000)
  from space 512K, 56% used [0x00000000d5c00000,0x00000000d5c48020,0x00000000d5c80000)
  to   space 512K, 0% used [0x00000000d5b80000,0x00000000d5b80000,0x00000000d5c00000)
 ParOldGen       total 1222144K, used 1221834K [0x0000000080000000, 0x00000000ca980000, 0x00000000d5580000)
  object space 1222144K, 99% used [0x0000000080000000,0x00000000ca932b98,0x00000000ca980000)
 Metaspace       used 104235K, committed 106048K, reserved 1179648K
  class space    used 10268K, committed 11136K, reserved 1048576K
}
Event: 20614.270 GC heap before
{Heap before GC invocations=20262 (full 16):
 PSYoungGen      total 4608K, used 4384K [0x00000000d5580000, 0x00000000d5c80000, 0x0000000100000000)
  eden space 4096K, 100% used [0x00000000d5580000,0x00000000d5980000,0x00000000d5980000)
  from space 512K, 56% used [0x00000000d5c00000,0x00000000d5c48020,0x00000000d5c80000)
  to   space 512K, 0% used [0x00000000d5b80000,0x00000000d5b80000,0x00000000d5c00000)
 ParOldGen       total 1222144K, used 1221834K [0x0000000080000000, 0x00000000ca980000, 0x00000000d5580000)
  object space 1222144K, 99% used [0x0000000080000000,0x00000000ca932b98,0x00000000ca980000)
 Metaspace       used 104235K, committed 106048K, reserved 1179648K
  class space    used 10268K, committed 11136K, reserved 1048576K
}
Event: 20614.271 GC heap after
{Heap after GC invocations=20262 (full 16):
 PSYoungGen      total 4608K, used 288K [0x00000000d5580000, 0x00000000d5c80000, 0x0000000100000000)
  eden space 4096K, 0% used [0x00000000d5580000,0x00000000d5580000,0x00000000d5980000)
  from space 512K, 56% used [0x00000000d5b80000,0x00000000d5bc8020,0x00000000d5c00000)
  to   space 512K, 0% used [0x00000000d5c00000,0x00000000d5c00000,0x00000000d5c80000)
 ParOldGen       total 1222144K, used 1221874K [0x0000000080000000, 0x00000000ca980000, 0x00000000d5580000)
  object space 1222144K, 99% used [0x0000000080000000,0x00000000ca93cb98,0x00000000ca980000)
 Metaspace       used 104235K, committed 106048K, reserved 1179648K
  class space    used 10268K, committed 11136K, reserved 1048576K
}
Event: 20667.098 GC heap before
{Heap before GC invocations=20263 (full 16):
 PSYoungGen      total 4608K, used 4384K [0x00000000d5580000, 0x00000000d5c80000, 0x0000000100000000)
  eden space 4096K, 100% used [0x00000000d5580000,0x00000000d5980000,0x00000000d5980000)
  from space 512K, 56% used [0x00000000d5b80000,0x00000000d5bc8020,0x00000000d5c00000)
  to   space 512K, 0% used [0x00000000d5c00000,0x00000000d5c00000,0x00000000d5c80000)
 ParOldGen       total 1222144K, used 1221874K [0x0000000080000000, 0x00000000ca980000, 0x00000000d5580000)
  object space 1222144K, 99% used [0x0000000080000000,0x00000000ca93cb98,0x00000000ca980000)
 Metaspace       used 104235K, committed 106048K, reserved 1179648K
  class space    used 10268K, committed 11136K, reserved 1048576K
}
Event: 20667.101 GC heap after
{Heap after GC invocations=20263 (full 16):
 PSYoungGen      total 4608K, used 224K [0x00000000d5580000, 0x00000000d5c80000, 0x0000000100000000)
  eden space 4096K, 0% used [0x00000000d5580000,0x00000000d5580000,0x00000000d5980000)
  from space 512K, 43% used [0x00000000d5c00000,0x00000000d5c38000,0x00000000d5c80000)
  to   space 512K, 0% used [0x00000000d5b80000,0x00000000d5b80000,0x00000000d5c00000)
 ParOldGen       total 1222144K, used 1221946K [0x0000000080000000, 0x00000000ca980000, 0x00000000d5580000)
  object space 1222144K, 99% used [0x0000000080000000,0x00000000ca94ebb8,0x00000000ca980000)
 Metaspace       used 104235K, committed 106048K, reserved 1179648K
  class space    used 10268K, committed 11136K, reserved 1048576K
}
Event: 20720.218 GC heap before
{Heap before GC invocations=20264 (full 16):
 PSYoungGen      total 4608K, used 4320K [0x00000000d5580000, 0x00000000d5c80000, 0x0000000100000000)
  eden space 4096K, 100% used [0x00000000d5580000,0x00000000d5980000,0x00000000d5980000)
  from space 512K, 43% used [0x00000000d5c00000,0x00000000d5c38000,0x00000000d5c80000)
  to   space 512K, 0% used [0x00000000d5b80000,0x00000000d5b80000,0x00000000d5c00000)
 ParOldGen       total 1222144K, used 1221946K [0x0000000080000000, 0x00000000ca980000, 0x00000000d5580000)
  object space 1222144K, 99% used [0x0000000080000000,0x00000000ca94ebb8,0x00000000ca980000)
 Metaspace       used 104235K, committed 106048K, reserved 1179648K
  class space    used 10268K, committed 11136K, reserved 1048576K
}
Event: 20720.221 GC heap after
{Heap after GC invocations=20264 (full 16):
 PSYoungGen      total 4608K, used 224K [0x00000000d5580000, 0x00000000d5c80000, 0x0000000100000000)
  eden space 4096K, 0% used [0x00000000d5580000,0x00000000d5580000,0x00000000d5980000)
  from space 512K, 43% used [0x00000000d5b80000,0x00000000d5bb8000,0x00000000d5c00000)
  to   space 512K, 0% used [0x00000000d5c00000,0x00000000d5c00000,0x00000000d5c80000)
 ParOldGen       total 1222144K, used 1221946K [0x0000000080000000, 0x00000000ca980000, 0x00000000d5580000)
  object space 1222144K, 99% used [0x0000000080000000,0x00000000ca94ebb8,0x00000000ca980000)
 Metaspace       used 104235K, committed 106048K, reserved 1179648K
  class space    used 10268K, committed 11136K, reserved 1048576K
}
Event: 20771.348 GC heap before
{Heap before GC invocations=20265 (full 16):
 PSYoungGen      total 4608K, used 4320K [0x00000000d5580000, 0x00000000d5c80000, 0x0000000100000000)
  eden space 4096K, 100% used [0x00000000d5580000,0x00000000d5980000,0x00000000d5980000)
  from space 512K, 43% used [0x00000000d5b80000,0x00000000d5bb8000,0x00000000d5c00000)
  to   space 512K, 0% used [0x00000000d5c00000,0x00000000d5c00000,0x00000000d5c80000)
 ParOldGen       total 1222144K, used 1221946K [0x0000000080000000, 0x00000000ca980000, 0x00000000d5580000)
  object space 1222144K, 99% used [0x0000000080000000,0x00000000ca94ebb8,0x00000000ca980000)
 Metaspace       used 104235K, committed 106048K, reserved 1179648K
  class space    used 10268K, committed 11136K, reserved 1048576K
}
Event: 20771.351 GC heap after
{Heap after GC invocations=20265 (full 16):
 PSYoungGen      total 4608K, used 192K [0x00000000d5580000, 0x00000000d5c80000, 0x0000000100000000)
  eden space 4096K, 0% used [0x00000000d5580000,0x00000000d5580000,0x00000000d5980000)
  from space 512K, 37% used [0x00000000d5c00000,0x00000000d5c30000,0x00000000d5c80000)
  to   space 512K, 0% used [0x00000000d5b80000,0x00000000d5b80000,0x00000000d5c00000)
 ParOldGen       total 1222144K, used 1221946K [0x0000000080000000, 0x00000000ca980000, 0x00000000d5580000)
  object space 1222144K, 99% used [0x0000000080000000,0x00000000ca94ebb8,0x00000000ca980000)
 Metaspace       used 104235K, committed 106048K, reserved 1179648K
  class space    used 10268K, committed 11136K, reserved 1048576K
}
Event: 24438.945 GC heap before
{Heap before GC invocations=20266 (full 16):
 PSYoungGen      total 4608K, used 4288K [0x00000000d5580000, 0x00000000d5c80000, 0x0000000100000000)
  eden space 4096K, 100% used [0x00000000d5580000,0x00000000d5980000,0x00000000d5980000)
  from space 512K, 37% used [0x00000000d5c00000,0x00000000d5c30000,0x00000000d5c80000)
  to   space 512K, 0% used [0x00000000d5b80000,0x00000000d5b80000,0x00000000d5c00000)
 ParOldGen       total 1222144K, used 1221946K [0x0000000080000000, 0x00000000ca980000, 0x00000000d5580000)
  object space 1222144K, 99% used [0x0000000080000000,0x00000000ca94ebb8,0x00000000ca980000)
 Metaspace       used 104240K, committed 106048K, reserved 1179648K
  class space    used 10268K, committed 11136K, reserved 1048576K
}
Event: 24438.953 GC heap after
{Heap after GC invocations=20266 (full 16):
 PSYoungGen      total 4608K, used 224K [0x00000000d5580000, 0x00000000d5c80000, 0x0000000100000000)
  eden space 4096K, 0% used [0x00000000d5580000,0x00000000d5580000,0x00000000d5980000)
  from space 512K, 43% used [0x00000000d5b80000,0x00000000d5bb8000,0x00000000d5c00000)
  to   space 512K, 0% used [0x00000000d5c00000,0x00000000d5c00000,0x00000000d5c80000)
 ParOldGen       total 1222144K, used 1221946K [0x0000000080000000, 0x00000000ca980000, 0x00000000d5580000)
  object space 1222144K, 99% used [0x0000000080000000,0x00000000ca94ebb8,0x00000000ca980000)
 Metaspace       used 104240K, committed 106048K, reserved 1179648K
  class space    used 10268K, committed 11136K, reserved 1048576K
}
Event: 37252.947 GC heap before
{Heap before GC invocations=20267 (full 16):
 PSYoungGen      total 4608K, used 4320K [0x00000000d5580000, 0x00000000d5c80000, 0x0000000100000000)
  eden space 4096K, 100% used [0x00000000d5580000,0x00000000d5980000,0x00000000d5980000)
  from space 512K, 43% used [0x00000000d5b80000,0x00000000d5bb8000,0x00000000d5c00000)
  to   space 512K, 0% used [0x00000000d5c00000,0x00000000d5c00000,0x00000000d5c80000)
 ParOldGen       total 1222144K, used 1221946K [0x0000000080000000, 0x00000000ca980000, 0x00000000d5580000)
  object space 1222144K, 99% used [0x0000000080000000,0x00000000ca94ebb8,0x00000000ca980000)
 Metaspace       used 104240K, committed 106048K, reserved 1179648K
  class space    used 10268K, committed 11136K, reserved 1048576K
}
Event: 37252.955 GC heap after
{Heap after GC invocations=20267 (full 16):
 PSYoungGen      total 4608K, used 224K [0x00000000d5580000, 0x00000000d5c80000, 0x0000000100000000)
  eden space 4096K, 0% used [0x00000000d5580000,0x00000000d5580000,0x00000000d5980000)
  from space 512K, 43% used [0x00000000d5c00000,0x00000000d5c38000,0x00000000d5c80000)
  to   space 512K, 0% used [0x00000000d5b80000,0x00000000d5b80000,0x00000000d5c00000)
 ParOldGen       total 1222144K, used 1221946K [0x0000000080000000, 0x00000000ca980000, 0x00000000d5580000)
  object space 1222144K, 99% used [0x0000000080000000,0x00000000ca94ebb8,0x00000000ca980000)
 Metaspace       used 104240K, committed 106048K, reserved 1179648K
  class space    used 10268K, committed 11136K, reserved 1048576K
}
Event: 51072.961 GC heap before
{Heap before GC invocations=20268 (full 16):
 PSYoungGen      total 4608K, used 4319K [0x00000000d5580000, 0x00000000d5c80000, 0x0000000100000000)
  eden space 4096K, 99% used [0x00000000d5580000,0x00000000d597fff0,0x00000000d5980000)
  from space 512K, 43% used [0x00000000d5c00000,0x00000000d5c38000,0x00000000d5c80000)
  to   space 512K, 0% used [0x00000000d5b80000,0x00000000d5b80000,0x00000000d5c00000)
 ParOldGen       total 1222144K, used 1221946K [0x0000000080000000, 0x00000000ca980000, 0x00000000d5580000)
  object space 1222144K, 99% used [0x0000000080000000,0x00000000ca94ebb8,0x00000000ca980000)
 Metaspace       used 104240K, committed 106048K, reserved 1179648K
  class space    used 10268K, committed 11136K, reserved 1048576K
}
Event: 51072.966 GC heap after
{Heap after GC invocations=20268 (full 16):
 PSYoungGen      total 4608K, used 256K [0x00000000d5580000, 0x00000000d5c80000, 0x0000000100000000)
  eden space 4096K, 0% used [0x00000000d5580000,0x00000000d5580000,0x00000000d5980000)
  from space 512K, 50% used [0x00000000d5b80000,0x00000000d5bc0000,0x00000000d5c00000)
  to   space 512K, 0% used [0x00000000d5c00000,0x00000000d5c00000,0x00000000d5c80000)
 ParOldGen       total 1222144K, used 1221946K [0x0000000080000000, 0x00000000ca980000, 0x00000000d5580000)
  object space 1222144K, 99% used [0x0000000080000000,0x00000000ca94ebb8,0x00000000ca980000)
 Metaspace       used 104240K, committed 106048K, reserved 1179648K
  class space    used 10268K, committed 11136K, reserved 1048576K
}
Event: 64040.090 GC heap before
{Heap before GC invocations=20269 (full 16):
 PSYoungGen      total 4608K, used 4352K [0x00000000d5580000, 0x00000000d5c80000, 0x0000000100000000)
  eden space 4096K, 100% used [0x00000000d5580000,0x00000000d5980000,0x00000000d5980000)
  from space 512K, 50% used [0x00000000d5b80000,0x00000000d5bc0000,0x00000000d5c00000)
  to   space 512K, 0% used [0x00000000d5c00000,0x00000000d5c00000,0x00000000d5c80000)
 ParOldGen       total 1222144K, used 1221946K [0x0000000080000000, 0x00000000ca980000, 0x00000000d5580000)
  object space 1222144K, 99% used [0x0000000080000000,0x00000000ca94ebb8,0x00000000ca980000)
 Metaspace       used 104240K, committed 106048K, reserved 1179648K
  class space    used 10268K, committed 11136K, reserved 1048576K
}
Event: 64040.096 GC heap after
{Heap after GC invocations=20269 (full 16):
 PSYoungGen      total 4608K, used 192K [0x00000000d5580000, 0x00000000d5c80000, 0x0000000100000000)
  eden space 4096K, 0% used [0x00000000d5580000,0x00000000d5580000,0x00000000d5980000)
  from space 512K, 37% used [0x00000000d5c00000,0x00000000d5c30000,0x00000000d5c80000)
  to   space 512K, 0% used [0x00000000d5b80000,0x00000000d5b80000,0x00000000d5c00000)
 ParOldGen       total 1222144K, used 1221946K [0x0000000080000000, 0x00000000ca980000, 0x00000000d5580000)
  object space 1222144K, 99% used [0x0000000080000000,0x00000000ca94ebb8,0x00000000ca980000)
 Metaspace       used 104240K, committed 106048K, reserved 1179648K
  class space    used 10268K, committed 11136K, reserved 1048576K
}

