# JRE version: OpenJDK Runtime Environment Temurin-21.0.9+10 (21.0.9+10) (build 21.0.9+10-LTS)
# Java VM: OpenJDK 64-Bit Server VM Temurin-21.0.9+10 (21.0.9+10-LTS, mixed mode, sharing, tiered, compressed oops, compressed class ptrs, parallel gc, windows-amd64)
GC Precious Log:
 CardTable entry size: 512
 CPUs: 8 total, 8 available
 Memory: 16259M
 Large Page Support: Disabled
 NUMA Support: Disabled
 Compressed Oops: Enabled (32-bit)
 Alignments: Space 512K, Generation 512K, Heap 2M
 Heap Min Capacity: 100M
 Heap Initial Capacity: 100M
 Heap Max Capacity: 2G
 Pre-touch: Disabled
 Parallel Workers: 8
Heap:
 PSYoungGen      total 6656K, used 2657K [0x00000000d5580000, 0x00000000d5d80000, 0x0000000100000000)
  eden space 5632K, 34% used [0x00000000d5580000,0x00000000d576b450,0x00000000d5b00000)
  from space 1024K, 67% used [0x00000000d5c00000,0x00000000d5cad200,0x00000000d5d00000)
  to   space 1024K, 0% used [0x00000000d5b00000,0x00000000d5b00000,0x00000000d5c00000)
 ParOldGen       total 711168K, used 710914K [0x0000000080000000, 0x00000000ab680000, 0x00000000d5580000)
  object space 711168K, 99% used [0x0000000080000000,0x00000000ab6409f8,0x00000000ab680000)
 Metaspace       used 87803K, committed 89664K, reserved 1179648K
  class space    used 9155K, committed 9984K, reserved 1048576K
GC Heap History (20 events):
Event: 445.932 GC heap after
{Heap after GC invocations=1404 (full 4):
 PSYoungGen      total 5120K, used 512K [0x00000000d5580000, 0x00000000d5d00000, 0x0000000100000000)
  eden space 4608K, 0% used [0x00000000d5580000,0x00000000d5580000,0x00000000d5a00000)
  from space 512K, 100% used [0x00000000d5c80000,0x00000000d5d00000,0x00000000d5d00000)
  to   space 1536K, 0% used [0x00000000d5a00000,0x00000000d5a00000,0x00000000d5b80000)
 ParOldGen       total 697856K, used 697543K [0x0000000080000000, 0x00000000aa980000, 0x00000000d5580000)
  object space 697856K, 99% used [0x0000000080000000,0x00000000aa931db8,0x00000000aa980000)
 Metaspace       used 87776K, committed 89664K, reserved 1179648K
  class space    used 9155K, committed 9984K, reserved 1048576K
}
Event: 445.937 GC heap before
{Heap before GC invocations=1405 (full 4):
 PSYoungGen      total 5120K, used 5119K [0x00000000d5580000, 0x00000000d5d00000, 0x0000000100000000)
  eden space 4608K, 99% used [0x00000000d5580000,0x00000000d59fffc8,0x00000000d5a00000)
  from space 512K, 100% used [0x00000000d5c80000,0x00000000d5d00000,0x00000000d5d00000)
  to   space 1536K, 0% used [0x00000000d5a00000,0x00000000d5a00000,0x00000000d5b80000)
 ParOldGen       total 697856K, used 697543K [0x0000000080000000, 0x00000000aa980000, 0x00000000d5580000)
  object space 697856K, 99% used [0x0000000080000000,0x00000000aa931db8,0x00000000aa980000)
 Metaspace       used 87776K, committed 89664K, reserved 1179648K
  class space    used 9155K, committed 9984K, reserved 1048576K
}
Event: 445.940 GC heap after
{Heap after GC invocations=1405 (full 4):
 PSYoungGen      total 6144K, used 1516K [0x00000000d5580000, 0x00000000d6100000, 0x0000000100000000)
  eden space 4608K, 0% used [0x00000000d5580000,0x00000000d5580000,0x00000000d5a00000)
  from space 1536K, 98% used [0x00000000d5a00000,0x00000000d5b7b0a0,0x00000000d5b80000)
  to   space 3584K, 0% used [0x00000000d5d80000,0x00000000d5d80000,0x00000000d6100000)
 ParOldGen       total 699392K, used 699215K [0x0000000080000000, 0x00000000aab00000, 0x00000000d5580000)
  object space 699392K, 99% used [0x0000000080000000,0x00000000aaad3db8,0x00000000aab00000)
 Metaspace       used 87776K, committed 89664K, reserved 1179648K
  class space    used 9155K, committed 9984K, reserved 1048576K
}
Event: 445.946 GC heap before
{Heap before GC invocations=1406 (full 4):
 PSYoungGen      total 6144K, used 6124K [0x00000000d5580000, 0x00000000d6100000, 0x0000000100000000)
  eden space 4608K, 100% used [0x00000000d5580000,0x00000000d5a00000,0x00000000d5a00000)
  from space 1536K, 98% used [0x00000000d5a00000,0x00000000d5b7b0a0,0x00000000d5b80000)
  to   space 3584K, 0% used [0x00000000d5d80000,0x00000000d5d80000,0x00000000d6100000)
 ParOldGen       total 699392K, used 699215K [0x0000000080000000, 0x00000000aab00000, 0x00000000d5580000)
  object space 699392K, 99% used [0x0000000080000000,0x00000000aaad3db8,0x00000000aab00000)
 Metaspace       used 87776K, committed 89664K, reserved 1179648K
  class space    used 9155K, committed 9984K, reserved 1048576K
}
Event: 445.948 GC heap after
{Heap after GC invocations=1406 (full 4):
 PSYoungGen      total 8192K, used 2176K [0x00000000d5580000, 0x00000000d6000000, 0x0000000100000000)
  eden space 5632K, 0% used [0x00000000d5580000,0x00000000d5580000,0x00000000d5b00000)
  from space 2560K, 85% used [0x00000000d5d80000,0x00000000d5fa0000,0x00000000d6000000)
  to   space 2560K, 0% used [0x00000000d5b00000,0x00000000d5b00000,0x00000000d5d80000)
 ParOldGen       total 700928K, used 700771K [0x0000000080000000, 0x00000000aac80000, 0x00000000d5580000)
  object space 700928K, 99% used [0x0000000080000000,0x00000000aac58e58,0x00000000aac80000)
 Metaspace       used 87776K, committed 89664K, reserved 1179648K
  class space    used 9155K, committed 9984K, reserved 1048576K
}
Event: 446.103 GC heap before
{Heap before GC invocations=1407 (full 4):
 PSYoungGen      total 8192K, used 7808K [0x00000000d5580000, 0x00000000d6000000, 0x0000000100000000)
  eden space 5632K, 100% used [0x00000000d5580000,0x00000000d5b00000,0x00000000d5b00000)
  from space 2560K, 85% used [0x00000000d5d80000,0x00000000d5fa0000,0x00000000d6000000)
  to   space 2560K, 0% used [0x00000000d5b00000,0x00000000d5b00000,0x00000000d5d80000)
 ParOldGen       total 700928K, used 700771K [0x0000000080000000, 0x00000000aac80000, 0x00000000d5580000)
  object space 700928K, 99% used [0x0000000080000000,0x00000000aac58e58,0x00000000aac80000)
 Metaspace       used 87778K, committed 89664K, reserved 1179648K
  class space    used 9155K, committed 9984K, reserved 1048576K
}
Event: 446.106 GC heap after
{Heap after GC invocations=1407 (full 4):
 PSYoungGen      total 6656K, used 776K [0x00000000d5580000, 0x00000000d5e00000, 0x0000000100000000)
  eden space 5632K, 0% used [0x00000000d5580000,0x00000000d5580000,0x00000000d5b00000)
  from space 1024K, 75% used [0x00000000d5b00000,0x00000000d5bc2010,0x00000000d5c00000)
  to   space 1536K, 0% used [0x00000000d5c80000,0x00000000d5c80000,0x00000000d5e00000)
 ParOldGen       total 702976K, used 702870K [0x0000000080000000, 0x00000000aae80000, 0x00000000d5580000)
  object space 702976K, 99% used [0x0000000080000000,0x00000000aae659c8,0x00000000aae80000)
 Metaspace       used 87778K, committed 89664K, reserved 1179648K
  class space    used 9155K, committed 9984K, reserved 1048576K
}
Event: 446.179 GC heap before
{Heap before GC invocations=1408 (full 4):
 PSYoungGen      total 6656K, used 6408K [0x00000000d5580000, 0x00000000d5e00000, 0x0000000100000000)
  eden space 5632K, 100% used [0x00000000d5580000,0x00000000d5b00000,0x00000000d5b00000)
  from space 1024K, 75% used [0x00000000d5b00000,0x00000000d5bc2010,0x00000000d5c00000)
  to   space 1536K, 0% used [0x00000000d5c80000,0x00000000d5c80000,0x00000000d5e00000)
 ParOldGen       total 702976K, used 702870K [0x0000000080000000, 0x00000000aae80000, 0x00000000d5580000)
  object space 702976K, 99% used [0x0000000080000000,0x00000000aae659c8,0x00000000aae80000)
 Metaspace       used 87780K, committed 89664K, reserved 1179648K
  class space    used 9155K, committed 9984K, reserved 1048576K
}
Event: 446.181 GC heap after
{Heap after GC invocations=1408 (full 4):
 PSYoungGen      total 6656K, used 874K [0x00000000d5580000, 0x00000000d5d80000, 0x0000000100000000)
  eden space 5632K, 0% used [0x00000000d5580000,0x00000000d5580000,0x00000000d5b00000)
  from space 1024K, 85% used [0x00000000d5c80000,0x00000000d5d5a910,0x00000000d5d80000)
  to   space 1024K, 0% used [0x00000000d5b00000,0x00000000d5b00000,0x00000000d5c00000)
 ParOldGen       total 704000K, used 703548K [0x0000000080000000, 0x00000000aaf80000, 0x00000000d5580000)
  object space 704000K, 99% used [0x0000000080000000,0x00000000aaf0f1d0,0x00000000aaf80000)
 Metaspace       used 87780K, committed 89664K, reserved 1179648K
  class space    used 9155K, committed 9984K, reserved 1048576K
}
Event: 446.379 GC heap before
{Heap before GC invocations=1409 (full 4):
 PSYoungGen      total 6656K, used 6506K [0x00000000d5580000, 0x00000000d5d80000, 0x0000000100000000)
  eden space 5632K, 100% used [0x00000000d5580000,0x00000000d5b00000,0x00000000d5b00000)
  from space 1024K, 85% used [0x00000000d5c80000,0x00000000d5d5a910,0x00000000d5d80000)
  to   space 1024K, 0% used [0x00000000d5b00000,0x00000000d5b00000,0x00000000d5c00000)
 ParOldGen       total 704000K, used 703548K [0x0000000080000000, 0x00000000aaf80000, 0x00000000d5580000)
  object space 704000K, 99% used [0x0000000080000000,0x00000000aaf0f1d0,0x00000000aaf80000)
 Metaspace       used 87797K, committed 89664K, reserved 1179648K
  class space    used 9155K, committed 9984K, reserved 1048576K
}
Event: 446.380 GC heap after
{Heap after GC invocations=1409 (full 4):
 PSYoungGen      total 6656K, used 852K [0x00000000d5580000, 0x00000000d5d00000, 0x0000000100000000)
  eden space 5632K, 0% used [0x00000000d5580000,0x00000000d5580000,0x00000000d5b00000)
  from space 1024K, 83% used [0x00000000d5b00000,0x00000000d5bd5200,0x00000000d5c00000)
  to   space 1024K, 0% used [0x00000000d5c00000,0x00000000d5c00000,0x00000000d5d00000)
 ParOldGen       total 704512K, used 704280K [0x0000000080000000, 0x00000000ab000000, 0x00000000d5580000)
  object space 704512K, 99% used [0x0000000080000000,0x00000000aafc63e0,0x00000000ab000000)
 Metaspace       used 87797K, committed 89664K, reserved 1179648K
  class space    used 9155K, committed 9984K, reserved 1048576K
}
Event: 446.383 GC heap before
{Heap before GC invocations=1410 (full 4):
 PSYoungGen      total 6656K, used 6484K [0x00000000d5580000, 0x00000000d5d00000, 0x0000000100000000)
  eden space 5632K, 100% used [0x00000000d5580000,0x00000000d5b00000,0x00000000d5b00000)
  from space 1024K, 83% used [0x00000000d5b00000,0x00000000d5bd5200,0x00000000d5c00000)
  to   space 1024K, 0% used [0x00000000d5c00000,0x00000000d5c00000,0x00000000d5d00000)
 ParOldGen       total 704512K, used 704280K [0x0000000080000000, 0x00000000ab000000, 0x00000000d5580000)
  object space 704512K, 99% used [0x0000000080000000,0x00000000aafc63e0,0x00000000ab000000)
 Metaspace       used 87797K, committed 89664K, reserved 1179648K
  class space    used 9155K, committed 9984K, reserved 1048576K
}
Event: 446.385 GC heap after
{Heap after GC invocations=1410 (full 4):
 PSYoungGen      total 4096K, used 998K [0x00000000d5580000, 0x00000000d6200000, 0x0000000100000000)
  eden space 3072K, 0% used [0x00000000d5580000,0x00000000d5580000,0x00000000d5880000)
  from space 1024K, 97% used [0x00000000d5c00000,0x00000000d5cf9850,0x00000000d5d00000)
  to   space 3584K, 0% used [0x00000000d5880000,0x00000000d5880000,0x00000000d5c00000)
 ParOldGen       total 706560K, used 706371K [0x0000000080000000, 0x00000000ab200000, 0x00000000d5580000)
  object space 706560K, 99% used [0x0000000080000000,0x00000000ab1d0e30,0x00000000ab200000)
 Metaspace       used 87797K, committed 89664K, reserved 1179648K
  class space    used 9155K, committed 9984K, reserved 1048576K
}
Event: 446.389 GC heap before
{Heap before GC invocations=1411 (full 4):
 PSYoungGen      total 4096K, used 4070K [0x00000000d5580000, 0x00000000d6200000, 0x0000000100000000)
  eden space 3072K, 100% used [0x00000000d5580000,0x00000000d5880000,0x00000000d5880000)
  from space 1024K, 97% used [0x00000000d5c00000,0x00000000d5cf9850,0x00000000d5d00000)
  to   space 3584K, 0% used [0x00000000d5880000,0x00000000d5880000,0x00000000d5c00000)
 ParOldGen       total 706560K, used 706371K [0x0000000080000000, 0x00000000ab200000, 0x00000000d5580000)
  object space 706560K, 99% used [0x0000000080000000,0x00000000ab1d0e30,0x00000000ab200000)
 Metaspace       used 87797K, committed 89664K, reserved 1179648K
  class space    used 9155K, committed 9984K, reserved 1048576K
}
Event: 446.391 GC heap after
{Heap after GC invocations=1411 (full 4):
 PSYoungGen      total 6656K, used 2496K [0x00000000d5580000, 0x00000000d5f80000, 0x0000000100000000)
  eden space 3072K, 0% used [0x00000000d5580000,0x00000000d5580000,0x00000000d5880000)
  from space 3584K, 69% used [0x00000000d5880000,0x00000000d5af0000,0x00000000d5c00000)
  to   space 3072K, 0% used [0x00000000d5c80000,0x00000000d5c80000,0x00000000d5f80000)
 ParOldGen       total 707584K, used 707409K [0x0000000080000000, 0x00000000ab300000, 0x00000000d5580000)
  object space 707584K, 99% used [0x0000000080000000,0x00000000ab2d4680,0x00000000ab300000)
 Metaspace       used 87797K, committed 89664K, reserved 1179648K
  class space    used 9155K, committed 9984K, reserved 1048576K
}
Event: 446.395 GC heap before
{Heap before GC invocations=1412 (full 4):
 PSYoungGen      total 6656K, used 5568K [0x00000000d5580000, 0x00000000d5f80000, 0x0000000100000000)
  eden space 3072K, 100% used [0x00000000d5580000,0x00000000d5880000,0x00000000d5880000)
  from space 3584K, 69% used [0x00000000d5880000,0x00000000d5af0000,0x00000000d5c00000)
  to   space 3072K, 0% used [0x00000000d5c80000,0x00000000d5c80000,0x00000000d5f80000)
 ParOldGen       total 707584K, used 707409K [0x0000000080000000, 0x00000000ab300000, 0x00000000d5580000)
  object space 707584K, 99% used [0x0000000080000000,0x00000000ab2d4680,0x00000000ab300000)
 Metaspace       used 87797K, committed 89664K, reserved 1179648K
  class space    used 9155K, committed 9984K, reserved 1048576K
}
Event: 446.397 GC heap after
{Heap after GC invocations=1412 (full 4):
 PSYoungGen      total 5120K, used 800K [0x00000000d5580000, 0x00000000d5d80000, 0x0000000100000000)
  eden space 4096K, 0% used [0x00000000d5580000,0x00000000d5580000,0x00000000d5980000)
  from space 1024K, 78% used [0x00000000d5c80000,0x00000000d5d48000,0x00000000d5d80000)
  to   space 1536K, 0% used [0x00000000d5a80000,0x00000000d5a80000,0x00000000d5c00000)
 ParOldGen       total 710144K, used 709673K [0x0000000080000000, 0x00000000ab580000, 0x00000000d5580000)
  object space 710144K, 99% used [0x0000000080000000,0x00000000ab50a680,0x00000000ab580000)
 Metaspace       used 87797K, committed 89664K, reserved 1179648K
  class space    used 9155K, committed 9984K, reserved 1048576K
}
Event: 446.401 GC heap before
{Heap before GC invocations=1413 (full 4):
 PSYoungGen      total 5120K, used 4896K [0x00000000d5580000, 0x00000000d5d80000, 0x0000000100000000)
  eden space 4096K, 100% used [0x00000000d5580000,0x00000000d5980000,0x00000000d5980000)
  from space 1024K, 78% used [0x00000000d5c80000,0x00000000d5d48000,0x00000000d5d80000)
  to   space 1536K, 0% used [0x00000000d5a80000,0x00000000d5a80000,0x00000000d5c00000)
 ParOldGen       total 710144K, used 709673K [0x0000000080000000, 0x00000000ab580000, 0x00000000d5580000)
  object space 710144K, 99% used [0x0000000080000000,0x00000000ab50a680,0x00000000ab580000)
 Metaspace       used 87797K, committed 89664K, reserved 1179648K
  class space    used 9155K, committed 9984K, reserved 1048576K
}
Event: 446.403 GC heap after
{Heap after GC invocations=1413 (full 4):
 PSYoungGen      total 6656K, used 532K [0x00000000d5580000, 0x00000000d5d00000, 0x0000000100000000)
  eden space 5120K, 0% used [0x00000000d5580000,0x00000000d5580000,0x00000000d5a80000)
  from space 1536K, 34% used [0x00000000d5a80000,0x00000000d5b05000,0x00000000d5c00000)
  to   space 1024K, 0% used [0x00000000d5c00000,0x00000000d5c00000,0x00000000d5d00000)
 ParOldGen       total 710656K, used 710414K [0x0000000080000000, 0x00000000ab600000, 0x00000000d5580000)
  object space 710656K, 99% used [0x0000000080000000,0x00000000ab5c39f8,0x00000000ab600000)
 Metaspace       used 87797K, committed 89664K, reserved 1179648K
  class space    used 9155K, committed 9984K, reserved 1048576K
}
Event: 446.605 GC heap before
{Heap before GC invocations=1414 (full 4):
 PSYoungGen      total 6656K, used 5651K [0x00000000d5580000, 0x00000000d5d00000, 0x0000000100000000)
  eden space 5120K, 99% used [0x00000000d5580000,0x00000000d5a7fff0,0x00000000d5a80000)
  from space 1536K, 34% used [0x00000000d5a80000,0x00000000d5b05000,0x00000000d5c00000)
  to   space 1024K, 0% used [0x00000000d5c00000,0x00000000d5c00000,0x00000000d5d00000)
 ParOldGen       total 710656K, used 710414K [0x0000000080000000, 0x00000000ab600000, 0x00000000d5580000)
  object space 710656K, 99% used [0x0000000080000000,0x00000000ab5c39f8,0x00000000ab600000)
 Metaspace       used 87803K, committed 89664K, reserved 1179648K
  class space    used 9155K, committed 9984K, reserved 1048576K
}

