# JRE version: Java(TM) SE Runtime Environment (25.0.1+8) (build 25.0.1+8-LTS-27)
# Java VM: Java HotSpot(TM) 64-Bit Server VM (25.0.1+8-LTS-27, mixed mode, sharing, tiered, compressed oops, compressed class ptrs, g1 gc, windows-amd64)
GC Precious Log:
 CardTable entry size: 512
 Card Set container configuration: InlinePtr #cards 4 size 8 Array Of Cards #cards 16 size 48 Howl #buckets 8 coarsen threshold 3686 Howl Bitmap #cards 512 size 80 coarsen threshold 460 Card regions per heap region 1 cards per card region 4096
 CPUs: 8 total, 8 available
 Memory: 16259M
 Large Page Support: Disabled
 NUMA Support: Disabled
 Compressed Oops: Enabled (Zero based)
 Heap Region Size: 2M
 Heap Min Capacity: 8M
 Heap Initial Capacity: 256M
 Heap Max Capacity: 4066M
 Pre-touch: Disabled
 Parallel Workers: 8
 Concurrent Workers: 2
 Concurrent Refinement Workers: 8
 Periodic GC: Disabled
Heap:
 garbage-first heap   total reserved 4163584K, committed 98304K, used 79351K [0x0000000701e00000, 0x0000000800000000)
  region size 2048K, 17 young (34816K), 2 survivors (4096K)
GC Heap Usage History (20 events):
Event: 64282.291 {heap Before GC invocations=108 (full 11):
 garbage-first heap   total reserved 4163584K, committed 96256K, used 40236K [0x0000000701e00000, 0x0000000800000000)
  region size 2048K, 3 young (6144K), 1 survivors (2048K)
}
Event: 64282.498 {heap After GC invocations=109 (full 12):
 garbage-first heap   total reserved 4163584K, committed 96256K, used 33182K [0x0000000701e00000, 0x0000000800000000)
  region size 2048K, 0 young (0K), 0 survivors (0K)
}
Event: 64284.404 {heap Before GC invocations=109 (full 12):
 garbage-first heap   total reserved 4163584K, committed 96256K, used 84382K [0x0000000701e00000, 0x0000000800000000)
  region size 2048K, 26 young (53248K), 0 survivors (0K)
}
Event: 64284.412 {heap After GC invocations=110 (full 12):
 garbage-first heap   total reserved 4163584K, committed 98304K, used 40902K [0x0000000701e00000, 0x0000000800000000)
  region size 2048K, 4 young (8192K), 4 survivors (8192K)
}
Event: 64288.227 {heap Before GC invocations=111 (full 12):
 garbage-first heap   total reserved 4163584K, committed 98304K, used 71622K [0x0000000701e00000, 0x0000000800000000)
  region size 2048K, 20 young (40960K), 4 survivors (8192K)
}
Event: 64288.275 {heap After GC invocations=112 (full 13):
 garbage-first heap   total reserved 4163584K, committed 98304K, used 39447K [0x0000000701e00000, 0x0000000800000000)
  region size 2048K, 0 young (0K), 0 survivors (0K)
}
Event: 64288.679 {heap Before GC invocations=112 (full 13):
 garbage-first heap   total reserved 4163584K, committed 98304K, used 82455K [0x0000000701e00000, 0x0000000800000000)
  region size 2048K, 22 young (45056K), 0 survivors (0K)
}
Event: 64288.683 {heap After GC invocations=113 (full 13):
 garbage-first heap   total reserved 4163584K, committed 98304K, used 45785K [0x0000000701e00000, 0x0000000800000000)
  region size 2048K, 3 young (6144K), 3 survivors (6144K)
}
Event: 64289.168 {heap Before GC invocations=114 (full 13):
 garbage-first heap   total reserved 4163584K, committed 98304K, used 78553K [0x0000000701e00000, 0x0000000800000000)
  region size 2048K, 20 young (40960K), 3 survivors (6144K)
}
Event: 64289.172 {heap After GC invocations=115 (full 13):
 garbage-first heap   total reserved 4163584K, committed 98304K, used 48998K [0x0000000701e00000, 0x0000000800000000)
  region size 2048K, 2 young (4096K), 2 survivors (4096K)
}
Event: 64293.793 {heap Before GC invocations=115 (full 13):
 garbage-first heap   total reserved 4163584K, committed 98304K, used 55142K [0x0000000701e00000, 0x0000000800000000)
  region size 2048K, 6 young (12288K), 2 survivors (4096K)
}
Event: 64293.867 {heap After GC invocations=116 (full 14):
 garbage-first heap   total reserved 4163584K, committed 98304K, used 41168K [0x0000000701e00000, 0x0000000800000000)
  region size 2048K, 0 young (0K), 0 survivors (0K)
}
Event: 64294.643 {heap Before GC invocations=116 (full 14):
 garbage-first heap   total reserved 4163584K, committed 98304K, used 84176K [0x0000000701e00000, 0x0000000800000000)
  region size 2048K, 21 young (43008K), 0 survivors (0K)
}
Event: 64294.647 {heap After GC invocations=117 (full 14):
 garbage-first heap   total reserved 4163584K, committed 98304K, used 47203K [0x0000000701e00000, 0x0000000800000000)
  region size 2048K, 3 young (6144K), 3 survivors (6144K)
}
Event: 64295.480 {heap Before GC invocations=118 (full 14):
 garbage-first heap   total reserved 4163584K, committed 98304K, used 82019K [0x0000000701e00000, 0x0000000800000000)
  region size 2048K, 21 young (43008K), 3 survivors (6144K)
}
Event: 64295.486 {heap After GC invocations=119 (full 14):
 garbage-first heap   total reserved 4163584K, committed 98304K, used 50248K [0x0000000701e00000, 0x0000000800000000)
  region size 2048K, 2 young (4096K), 2 survivors (4096K)
}
Event: 65060.908 {heap Before GC invocations=119 (full 14):
 garbage-first heap   total reserved 4163584K, committed 98304K, used 85064K [0x0000000701e00000, 0x0000000800000000)
  region size 2048K, 19 young (38912K), 2 survivors (4096K)
}
Event: 65060.913 {heap After GC invocations=120 (full 14):
 garbage-first heap   total reserved 4163584K, committed 98304K, used 50335K [0x0000000701e00000, 0x0000000800000000)
  region size 2048K, 2 young (4096K), 2 survivors (4096K)
}
Event: 65959.210 {heap Before GC invocations=120 (full 14):
 garbage-first heap   total reserved 4163584K, committed 98304K, used 87199K [0x0000000701e00000, 0x0000000800000000)
  region size 2048K, 20 young (40960K), 2 survivors (4096K)
}
Event: 65959.218 {heap After GC invocations=121 (full 14):
 garbage-first heap   total reserved 4163584K, committed 98304K, used 50679K [0x0000000701e00000, 0x0000000800000000)
  region size 2048K, 2 young (4096K), 2 survivors (4096K)
}

